# JRE version: OpenJDK Runtime Environment Temurin-21.0.8+9 (21.0.8+9) (build 21.0.8+9-LTS)
# Java VM: OpenJDK 64-Bit Server VM Temurin-21.0.8+9 (21.0.8+9-LTS, mixed mode, sharing, tiered, compressed oops, compressed class ptrs, parallel gc, windows-amd64)
GC Precious Log:
 CardTable entry size: 512
 CPUs: 12 total, 12 available
 Memory: 15775M
 Large Page Support: Disabled
 NUMA Support: Disabled
 Compressed Oops: Enabled (32-bit)
 Alignments: Space 512K, Generation 512K, Heap 2M
 Heap Min Capacity: 100M
 Heap Initial Capacity: 100M
 Heap Max Capacity: 2G
 Pre-touch: Disabled
 Parallel Workers: 10
Heap:
 PSYoungGen      total 9728K, used 9311K [0x00000000d5580000, 0x00000000d6180000, 0x0000000100000000)
  eden space 7680K, 100% used [0x00000000d5580000,0x00000000d5d00000,0x00000000d5d00000)
  from space 2048K, 79% used [0x00000000d5f80000,0x00000000d6117ed0,0x00000000d6180000)
  to   space 2048K, 73% used [0x00000000d5d00000,0x00000000d5e7a208,0x00000000d5f00000)
 ParOldGen       total 645632K, used 645532K [0x0000000080000000, 0x00000000a7680000, 0x00000000d5580000)
  object space 645632K, 99% used [0x0000000080000000,0x00000000a7667388,0x00000000a7680000)
 Metaspace       used 64848K, committed 66304K, reserved 1114112K
  class space    used 6525K, committed 7232K, reserved 1048576K
GC Heap History (20 events):
Event: 13.869 GC heap after
{Heap after GC invocations=631 (full 3):
 PSYoungGen      total 7680K, used 1374K [0x00000000d5580000, 0x00000000d5f80000, 0x0000000100000000)
  eden space 6144K, 0% used [0x00000000d5580000,0x00000000d5580000,0x00000000d5b80000)
  from space 1536K, 89% used [0x00000000d5d00000,0x00000000d5e57b20,0x00000000d5e80000)
  to   space 1536K, 0% used [0x00000000d5b80000,0x00000000d5b80000,0x00000000d5d00000)
 ParOldGen       total 633856K, used 633349K [0x0000000080000000, 0x00000000a6b00000, 0x00000000d5580000)
  object space 633856K, 99% used [0x0000000080000000,0x00000000a6a81440,0x00000000a6b00000)
 Metaspace       used 64758K, committed 66240K, reserved 1114112K
  class space    used 6524K, committed 7232K, reserved 1048576K
}
Event: 13.877 GC heap before
{Heap before GC invocations=632 (full 3):
 PSYoungGen      total 7680K, used 7518K [0x00000000d5580000, 0x00000000d5f80000, 0x0000000100000000)
  eden space 6144K, 100% used [0x00000000d5580000,0x00000000d5b80000,0x00000000d5b80000)
  from space 1536K, 89% used [0x00000000d5d00000,0x00000000d5e57b20,0x00000000d5e80000)
  to   space 1536K, 0% used [0x00000000d5b80000,0x00000000d5b80000,0x00000000d5d00000)
 ParOldGen       total 633856K, used 633349K [0x0000000080000000, 0x00000000a6b00000, 0x00000000d5580000)
  object space 633856K, 99% used [0x0000000080000000,0x00000000a6a81440,0x00000000a6b00000)
 Metaspace       used 64760K, committed 66240K, reserved 1114112K
  class space    used 6524K, committed 7232K, reserved 1048576K
}
Event: 13.878 GC heap after
{Heap after GC invocations=632 (full 3):
 PSYoungGen      total 7680K, used 1407K [0x00000000d5580000, 0x00000000d6000000, 0x0000000100000000)
  eden space 6144K, 0% used [0x00000000d5580000,0x00000000d5580000,0x00000000d5b80000)
  from space 1536K, 91% used [0x00000000d5b80000,0x00000000d5cdfec0,0x00000000d5d00000)
  to   space 1536K, 0% used [0x00000000d5e80000,0x00000000d5e80000,0x00000000d6000000)
 ParOldGen       total 634880K, used 634510K [0x0000000080000000, 0x00000000a6c00000, 0x00000000d5580000)
  object space 634880K, 99% used [0x0000000080000000,0x00000000a6ba3890,0x00000000a6c00000)
 Metaspace       used 64760K, committed 66240K, reserved 1114112K
  class space    used 6524K, committed 7232K, reserved 1048576K
}
Event: 13.889 GC heap before
{Heap before GC invocations=633 (full 3):
 PSYoungGen      total 7680K, used 7551K [0x00000000d5580000, 0x00000000d6000000, 0x0000000100000000)
  eden space 6144K, 100% used [0x00000000d5580000,0x00000000d5b80000,0x00000000d5b80000)
  from space 1536K, 91% used [0x00000000d5b80000,0x00000000d5cdfec0,0x00000000d5d00000)
  to   space 1536K, 0% used [0x00000000d5e80000,0x00000000d5e80000,0x00000000d6000000)
 ParOldGen       total 634880K, used 634510K [0x0000000080000000, 0x00000000a6c00000, 0x00000000d5580000)
  object space 634880K, 99% used [0x0000000080000000,0x00000000a6ba3890,0x00000000a6c00000)
 Metaspace       used 64762K, committed 66240K, reserved 1114112K
  class space    used 6525K, committed 7232K, reserved 1048576K
}
Event: 13.892 GC heap after
{Heap after GC invocations=633 (full 3):
 PSYoungGen      total 9216K, used 1397K [0x00000000d5580000, 0x00000000d6000000, 0x0000000100000000)
  eden space 7680K, 0% used [0x00000000d5580000,0x00000000d5580000,0x00000000d5d00000)
  from space 1536K, 90% used [0x00000000d5e80000,0x00000000d5fdd628,0x00000000d6000000)
  to   space 1536K, 0% used [0x00000000d5d00000,0x00000000d5d00000,0x00000000d5e80000)
 ParOldGen       total 635904K, used 635679K [0x0000000080000000, 0x00000000a6d00000, 0x00000000d5580000)
  object space 635904K, 99% used [0x0000000080000000,0x00000000a6cc7f88,0x00000000a6d00000)
 Metaspace       used 64762K, committed 66240K, reserved 1114112K
  class space    used 6525K, committed 7232K, reserved 1048576K
}
Event: 13.906 GC heap before
{Heap before GC invocations=634 (full 3):
 PSYoungGen      total 9216K, used 9077K [0x00000000d5580000, 0x00000000d6000000, 0x0000000100000000)
  eden space 7680K, 100% used [0x00000000d5580000,0x00000000d5d00000,0x00000000d5d00000)
  from space 1536K, 90% used [0x00000000d5e80000,0x00000000d5fdd628,0x00000000d6000000)
  to   space 1536K, 0% used [0x00000000d5d00000,0x00000000d5d00000,0x00000000d5e80000)
 ParOldGen       total 635904K, used 635679K [0x0000000080000000, 0x00000000a6d00000, 0x00000000d5580000)
  object space 635904K, 99% used [0x0000000080000000,0x00000000a6cc7f88,0x00000000a6d00000)
 Metaspace       used 64773K, committed 66240K, reserved 1114112K
  class space    used 6525K, committed 7232K, reserved 1048576K
}
Event: 13.908 GC heap after
{Heap after GC invocations=634 (full 3):
 PSYoungGen      total 9216K, used 1519K [0x00000000d5580000, 0x00000000d6480000, 0x0000000100000000)
  eden space 7680K, 0% used [0x00000000d5580000,0x00000000d5580000,0x00000000d5d00000)
  from space 1536K, 98% used [0x00000000d5d00000,0x00000000d5e7be88,0x00000000d5e80000)
  to   space 3072K, 0% used [0x00000000d6180000,0x00000000d6180000,0x00000000d6480000)
 ParOldGen       total 636928K, used 636922K [0x0000000080000000, 0x00000000a6e00000, 0x00000000d5580000)
  object space 636928K, 99% used [0x0000000080000000,0x00000000a6dfebb0,0x00000000a6e00000)
 Metaspace       used 64773K, committed 66240K, reserved 1114112K
  class space    used 6525K, committed 7232K, reserved 1048576K
}
Event: 13.920 GC heap before
{Heap before GC invocations=635 (full 3):
 PSYoungGen      total 9216K, used 9199K [0x00000000d5580000, 0x00000000d6480000, 0x0000000100000000)
  eden space 7680K, 100% used [0x00000000d5580000,0x00000000d5d00000,0x00000000d5d00000)
  from space 1536K, 98% used [0x00000000d5d00000,0x00000000d5e7be88,0x00000000d5e80000)
  to   space 3072K, 0% used [0x00000000d6180000,0x00000000d6180000,0x00000000d6480000)
 ParOldGen       total 636928K, used 636922K [0x0000000080000000, 0x00000000a6e00000, 0x00000000d5580000)
  object space 636928K, 99% used [0x0000000080000000,0x00000000a6dfebb0,0x00000000a6e00000)
 Metaspace       used 64789K, committed 66240K, reserved 1114112K
  class space    used 6525K, committed 7232K, reserved 1048576K
}
Event: 13.923 GC heap after
{Heap after GC invocations=635 (full 3):
 PSYoungGen      total 9728K, used 1717K [0x00000000d5580000, 0x00000000d6380000, 0x0000000100000000)
  eden space 7680K, 0% used [0x00000000d5580000,0x00000000d5580000,0x00000000d5d00000)
  from space 2048K, 83% used [0x00000000d6180000,0x00000000d632d420,0x00000000d6380000)
  to   space 2560K, 0% used [0x00000000d5e80000,0x00000000d5e80000,0x00000000d6100000)
 ParOldGen       total 638464K, used 638368K [0x0000000080000000, 0x00000000a6f80000, 0x00000000d5580000)
  object space 638464K, 99% used [0x0000000080000000,0x00000000a6f68208,0x00000000a6f80000)
 Metaspace       used 64789K, committed 66240K, reserved 1114112K
  class space    used 6525K, committed 7232K, reserved 1048576K
}
Event: 13.934 GC heap before
{Heap before GC invocations=636 (full 3):
 PSYoungGen      total 9728K, used 9397K [0x00000000d5580000, 0x00000000d6380000, 0x0000000100000000)
  eden space 7680K, 100% used [0x00000000d5580000,0x00000000d5d00000,0x00000000d5d00000)
  from space 2048K, 83% used [0x00000000d6180000,0x00000000d632d420,0x00000000d6380000)
  to   space 2560K, 0% used [0x00000000d5e80000,0x00000000d5e80000,0x00000000d6100000)
 ParOldGen       total 638464K, used 638368K [0x0000000080000000, 0x00000000a6f80000, 0x00000000d5580000)
  object space 638464K, 99% used [0x0000000080000000,0x00000000a6f68208,0x00000000a6f80000)
 Metaspace       used 64793K, committed 66240K, reserved 1114112K
  class space    used 6525K, committed 7232K, reserved 1048576K
}
Event: 13.937 GC heap after
{Heap after GC invocations=636 (full 3):
 PSYoungGen      total 9728K, used 1628K [0x00000000d5580000, 0x00000000d6200000, 0x0000000100000000)
  eden space 7680K, 0% used [0x00000000d5580000,0x00000000d5580000,0x00000000d5d00000)
  from space 2048K, 79% used [0x00000000d5e80000,0x00000000d60172c0,0x00000000d6080000)
  to   space 1536K, 0% used [0x00000000d6080000,0x00000000d6080000,0x00000000d6200000)
 ParOldGen       total 640000K, used 639904K [0x0000000080000000, 0x00000000a7100000, 0x00000000d5580000)
  object space 640000K, 99% used [0x0000000080000000,0x00000000a70e80c0,0x00000000a7100000)
 Metaspace       used 64793K, committed 66240K, reserved 1114112K
  class space    used 6525K, committed 7232K, reserved 1048576K
}
Event: 13.949 GC heap before
{Heap before GC invocations=637 (full 3):
 PSYoungGen      total 9728K, used 9308K [0x00000000d5580000, 0x00000000d6200000, 0x0000000100000000)
  eden space 7680K, 99% used [0x00000000d5580000,0x00000000d5cffde0,0x00000000d5d00000)
  from space 2048K, 79% used [0x00000000d5e80000,0x00000000d60172c0,0x00000000d6080000)
  to   space 1536K, 0% used [0x00000000d6080000,0x00000000d6080000,0x00000000d6200000)
 ParOldGen       total 640000K, used 639904K [0x0000000080000000, 0x00000000a7100000, 0x00000000d5580000)
  object space 640000K, 99% used [0x0000000080000000,0x00000000a70e80c0,0x00000000a7100000)
 Metaspace       used 64810K, committed 66304K, reserved 1114112K
  class space    used 6525K, committed 7232K, reserved 1048576K
}
Event: 13.951 GC heap after
{Heap after GC invocations=637 (full 3):
 PSYoungGen      total 9216K, used 1506K [0x00000000d5580000, 0x00000000d6400000, 0x0000000100000000)
  eden space 7680K, 0% used [0x00000000d5580000,0x00000000d5580000,0x00000000d5d00000)
  from space 1536K, 98% used [0x00000000d6080000,0x00000000d61f8b88,0x00000000d6200000)
  to   space 3584K, 0% used [0x00000000d5d00000,0x00000000d5d00000,0x00000000d6080000)
 ParOldGen       total 641536K, used 641428K [0x0000000080000000, 0x00000000a7280000, 0x00000000d5580000)
  object space 641536K, 99% used [0x0000000080000000,0x00000000a72653b0,0x00000000a7280000)
 Metaspace       used 64810K, committed 66304K, reserved 1114112K
  class space    used 6525K, committed 7232K, reserved 1048576K
}
Event: 13.962 GC heap before
{Heap before GC invocations=638 (full 3):
 PSYoungGen      total 9216K, used 9186K [0x00000000d5580000, 0x00000000d6400000, 0x0000000100000000)
  eden space 7680K, 100% used [0x00000000d5580000,0x00000000d5d00000,0x00000000d5d00000)
  from space 1536K, 98% used [0x00000000d6080000,0x00000000d61f8b88,0x00000000d6200000)
  to   space 3584K, 0% used [0x00000000d5d00000,0x00000000d5d00000,0x00000000d6080000)
 ParOldGen       total 641536K, used 641428K [0x0000000080000000, 0x00000000a7280000, 0x00000000d5580000)
  object space 641536K, 99% used [0x0000000080000000,0x00000000a72653b0,0x00000000a7280000)
 Metaspace       used 64837K, committed 66304K, reserved 1114112K
  class space    used 6525K, committed 7232K, reserved 1048576K
}
Event: 13.965 GC heap after
{Heap after GC invocations=638 (full 3):
 PSYoungGen      total 9728K, used 1720K [0x00000000d5580000, 0x00000000d6200000, 0x0000000100000000)
  eden space 7680K, 0% used [0x00000000d5580000,0x00000000d5580000,0x00000000d5d00000)
  from space 2048K, 84% used [0x00000000d5d00000,0x00000000d5eae150,0x00000000d5f00000)
  to   space 2560K, 0% used [0x00000000d5f80000,0x00000000d5f80000,0x00000000d6200000)
 ParOldGen       total 643072K, used 642836K [0x0000000080000000, 0x00000000a7400000, 0x00000000d5580000)
  object space 643072K, 99% used [0x0000000080000000,0x00000000a73c50a0,0x00000000a7400000)
 Metaspace       used 64837K, committed 66304K, reserved 1114112K
  class space    used 6525K, committed 7232K, reserved 1048576K
}
Event: 13.976 GC heap before
{Heap before GC invocations=639 (full 3):
 PSYoungGen      total 9728K, used 9400K [0x00000000d5580000, 0x00000000d6200000, 0x0000000100000000)
  eden space 7680K, 100% used [0x00000000d5580000,0x00000000d5d00000,0x00000000d5d00000)
  from space 2048K, 84% used [0x00000000d5d00000,0x00000000d5eae150,0x00000000d5f00000)
  to   space 2560K, 0% used [0x00000000d5f80000,0x00000000d5f80000,0x00000000d6200000)
 ParOldGen       total 643072K, used 642836K [0x0000000080000000, 0x00000000a7400000, 0x00000000d5580000)
  object space 643072K, 99% used [0x0000000080000000,0x00000000a73c50a0,0x00000000a7400000)
 Metaspace       used 64845K, committed 66304K, reserved 1114112K
  class space    used 6525K, committed 7232K, reserved 1048576K
}
Event: 13.977 GC heap after
{Heap after GC invocations=639 (full 3):
 PSYoungGen      total 9728K, used 1631K [0x00000000d5580000, 0x00000000d6180000, 0x0000000100000000)
  eden space 7680K, 0% used [0x00000000d5580000,0x00000000d5580000,0x00000000d5d00000)
  from space 2048K, 79% used [0x00000000d5f80000,0x00000000d6117ed0,0x00000000d6180000)
  to   space 2048K, 0% used [0x00000000d5d00000,0x00000000d5d00000,0x00000000d5f00000)
 ParOldGen       total 644608K, used 644303K [0x0000000080000000, 0x00000000a7580000, 0x00000000d5580000)
  object space 644608K, 99% used [0x0000000080000000,0x00000000a7533d50,0x00000000a7580000)
 Metaspace       used 64845K, committed 66304K, reserved 1114112K
  class space    used 6525K, committed 7232K, reserved 1048576K
}
Event: 13.988 GC heap before
{Heap before GC invocations=640 (full 3):
 PSYoungGen      total 9728K, used 9311K [0x00000000d5580000, 0x00000000d6180000, 0x0000000100000000)
  eden space 7680K, 100% used [0x00000000d5580000,0x00000000d5d00000,0x00000000d5d00000)
  from space 2048K, 79% used [0x00000000d5f80000,0x00000000d6117ed0,0x00000000d6180000)
  to   space 2048K, 0% used [0x00000000d5d00000,0x00000000d5d00000,0x00000000d5f00000)
 ParOldGen       total 644608K, used 644303K [0x0000000080000000, 0x00000000a7580000, 0x00000000d5580000)
  object space 644608K, 99% used [0x0000000080000000,0x00000000a7533d50,0x00000000a7580000)
 Metaspace       used 64848K, committed 66304K, reserved 1114112K
  class space    used 6525K, committed 7232K, reserved 1048576K
}
Event: 13.991 GC heap after
{Heap after GC invocations=640 (full 3):
 PSYoungGen      total 9728K, used 9311K [0x00000000d5580000, 0x00000000d6180000, 0x0000000100000000)
  eden space 7680K, 100% used [0x00000000d5580000,0x00000000d5d00000,0x00000000d5d00000)
  from space 2048K, 79% used [0x00000000d5f80000,0x00000000d6117ed0,0x00000000d6180000)
  to   space 2048K, 73% used [0x00000000d5d00000,0x00000000d5e7a208,0x00000000d5f00000)
 ParOldGen       total 645632K, used 645532K [0x0000000080000000, 0x00000000a7680000, 0x00000000d5580000)
  object space 645632K, 99% used [0x0000000080000000,0x00000000a7667388,0x00000000a7680000)
 Metaspace       used 64848K, committed 66304K, reserved 1114112K
  class space    used 6525K, committed 7232K, reserved 1048576K
}
Event: 13.991 GC heap before
{Heap before GC invocations=641 (full 4):
 PSYoungGen      total 9728K, used 9311K [0x00000000d5580000, 0x00000000d6180000, 0x0000000100000000)
  eden space 7680K, 100% used [0x00000000d5580000,0x00000000d5d00000,0x00000000d5d00000)
  from space 2048K, 79% used [0x00000000d5f80000,0x00000000d6117ed0,0x00000000d6180000)
  to   space 2048K, 73% used [0x00000000d5d00000,0x00000000d5e7a208,0x00000000d5f00000)
 ParOldGen       total 645632K, used 645532K [0x0000000080000000, 0x00000000a7680000, 0x00000000d5580000)
  object space 645632K, 99% used [0x0000000080000000,0x00000000a7667388,0x00000000a7680000)
 Metaspace       used 64848K, committed 66304K, reserved 1114112K
  class space    used 6525K, committed 7232K, reserved 1048576K
}

