# JRE version: OpenJDK Runtime Environment Temurin-21.0.8+9 (21.0.8+9) (build 21.0.8+9-LTS)
# Java VM: OpenJDK 64-Bit Server VM Temurin-21.0.8+9 (21.0.8+9-LTS, mixed mode, sharing, tiered, compressed oops, compressed class ptrs, parallel gc, windows-amd64)
GC Precious Log:
 CardTable entry size: 512
 CPUs: 12 total, 12 available
 Memory: 15775M
 Large Page Support: Disabled
 NUMA Support: Disabled
 Compressed Oops: Enabled (32-bit)
 Alignments: Space 512K, Generation 512K, Heap 2M
 Heap Min Capacity: 100M
 Heap Initial Capacity: 100M
 Heap Max Capacity: 2G
 Pre-touch: Disabled
 Parallel Workers: 10
Heap:
 PSYoungGen      total 6144K, used 5831K [0x00000000d5580000, 0x00000000d5c80000, 0x0000000100000000)
  eden space 5120K, 100% used [0x00000000d5580000,0x00000000d5a80000,0x00000000d5a80000)
  from space 1024K, 69% used [0x00000000d5b80000,0x00000000d5c31f40,0x00000000d5c80000)
  to   space 1024K, 78% used [0x00000000d5a80000,0x00000000d5b48000,0x00000000d5b80000)
 ParOldGen       total 1207808K, used 1207372K [0x0000000080000000, 0x00000000c9b80000, 0x00000000d5580000)
  object space 1207808K, 99% used [0x0000000080000000,0x00000000c9b13130,0x00000000c9b80000)
 Metaspace       used 81885K, committed 83584K, reserved 1179648K
  class space    used 8832K, committed 9600K, reserved 1048576K
GC Heap History (20 events):
Event: 64.698 GC heap after
{Heap after GC invocations=5417 (full 6):
 PSYoungGen      total 6656K, used 940K [0x00000000d5580000, 0x00000000d5d00000, 0x0000000100000000)
  eden space 5632K, 0% used [0x00000000d5580000,0x00000000d5580000,0x00000000d5b00000)
  from space 1024K, 91% used [0x00000000d5b00000,0x00000000d5beb008,0x00000000d5c00000)
  to   space 1024K, 0% used [0x00000000d5c00000,0x00000000d5c00000,0x00000000d5d00000)
 ParOldGen       total 1202176K, used 1201795K [0x0000000080000000, 0x00000000c9600000, 0x00000000d5580000)
  object space 1202176K, 99% used [0x0000000080000000,0x00000000c95a0d88,0x00000000c9600000)
 Metaspace       used 81885K, committed 83584K, reserved 1179648K
  class space    used 8832K, committed 9600K, reserved 1048576K
}
Event: 64.716 GC heap before
{Heap before GC invocations=5418 (full 6):
 PSYoungGen      total 6656K, used 6572K [0x00000000d5580000, 0x00000000d5d00000, 0x0000000100000000)
  eden space 5632K, 100% used [0x00000000d5580000,0x00000000d5b00000,0x00000000d5b00000)
  from space 1024K, 91% used [0x00000000d5b00000,0x00000000d5beb008,0x00000000d5c00000)
  to   space 1024K, 0% used [0x00000000d5c00000,0x00000000d5c00000,0x00000000d5d00000)
 ParOldGen       total 1202176K, used 1201795K [0x0000000080000000, 0x00000000c9600000, 0x00000000d5580000)
  object space 1202176K, 99% used [0x0000000080000000,0x00000000c95a0d88,0x00000000c9600000)
 Metaspace       used 81885K, committed 83584K, reserved 1179648K
  class space    used 8832K, committed 9600K, reserved 1048576K
}
Event: 64.718 GC heap after
{Heap after GC invocations=5418 (full 6):
 PSYoungGen      total 6656K, used 800K [0x00000000d5580000, 0x00000000d5d00000, 0x0000000100000000)
  eden space 5632K, 0% used [0x00000000d5580000,0x00000000d5580000,0x00000000d5b00000)
  from space 1024K, 78% used [0x00000000d5c00000,0x00000000d5cc8000,0x00000000d5d00000)
  to   space 1024K, 0% used [0x00000000d5b00000,0x00000000d5b00000,0x00000000d5c00000)
 ParOldGen       total 1202688K, used 1202540K [0x0000000080000000, 0x00000000c9680000, 0x00000000d5580000)
  object space 1202688K, 99% used [0x0000000080000000,0x00000000c965b3a0,0x00000000c9680000)
 Metaspace       used 81885K, committed 83584K, reserved 1179648K
  class space    used 8832K, committed 9600K, reserved 1048576K
}
Event: 64.737 GC heap before
{Heap before GC invocations=5419 (full 6):
 PSYoungGen      total 6656K, used 6432K [0x00000000d5580000, 0x00000000d5d00000, 0x0000000100000000)
  eden space 5632K, 100% used [0x00000000d5580000,0x00000000d5b00000,0x00000000d5b00000)
  from space 1024K, 78% used [0x00000000d5c00000,0x00000000d5cc8000,0x00000000d5d00000)
  to   space 1024K, 0% used [0x00000000d5b00000,0x00000000d5b00000,0x00000000d5c00000)
 ParOldGen       total 1202688K, used 1202540K [0x0000000080000000, 0x00000000c9680000, 0x00000000d5580000)
  object space 1202688K, 99% used [0x0000000080000000,0x00000000c965b3a0,0x00000000c9680000)
 Metaspace       used 81885K, committed 83584K, reserved 1179648K
  class space    used 8832K, committed 9600K, reserved 1048576K
}
Event: 64.738 GC heap after
{Heap after GC invocations=5419 (full 6):
 PSYoungGen      total 6656K, used 453K [0x00000000d5580000, 0x00000000d5d00000, 0x0000000100000000)
  eden space 5632K, 0% used [0x00000000d5580000,0x00000000d5580000,0x00000000d5b00000)
  from space 1024K, 44% used [0x00000000d5b00000,0x00000000d5b71700,0x00000000d5c00000)
  to   space 1024K, 0% used [0x00000000d5c00000,0x00000000d5c00000,0x00000000d5d00000)
 ParOldGen       total 1203200K, used 1203076K [0x0000000080000000, 0x00000000c9700000, 0x00000000d5580000)
  object space 1203200K, 99% used [0x0000000080000000,0x00000000c96e13a0,0x00000000c9700000)
 Metaspace       used 81885K, committed 83584K, reserved 1179648K
  class space    used 8832K, committed 9600K, reserved 1048576K
}
Event: 64.746 GC heap before
{Heap before GC invocations=5420 (full 6):
 PSYoungGen      total 6656K, used 6085K [0x00000000d5580000, 0x00000000d5d00000, 0x0000000100000000)
  eden space 5632K, 100% used [0x00000000d5580000,0x00000000d5b00000,0x00000000d5b00000)
  from space 1024K, 44% used [0x00000000d5b00000,0x00000000d5b71700,0x00000000d5c00000)
  to   space 1024K, 0% used [0x00000000d5c00000,0x00000000d5c00000,0x00000000d5d00000)
 ParOldGen       total 1203200K, used 1203076K [0x0000000080000000, 0x00000000c9700000, 0x00000000d5580000)
  object space 1203200K, 99% used [0x0000000080000000,0x00000000c96e13a0,0x00000000c9700000)
 Metaspace       used 81885K, committed 83584K, reserved 1179648K
  class space    used 8832K, committed 9600K, reserved 1048576K
}
Event: 64.748 GC heap after
{Heap after GC invocations=5420 (full 6):
 PSYoungGen      total 6656K, used 768K [0x00000000d5580000, 0x00000000d5d00000, 0x0000000100000000)
  eden space 5632K, 0% used [0x00000000d5580000,0x00000000d5580000,0x00000000d5b00000)
  from space 1024K, 75% used [0x00000000d5c00000,0x00000000d5cc0000,0x00000000d5d00000)
  to   space 1024K, 0% used [0x00000000d5b00000,0x00000000d5b00000,0x00000000d5c00000)
 ParOldGen       total 1203712K, used 1203326K [0x0000000080000000, 0x00000000c9780000, 0x00000000d5580000)
  object space 1203712K, 99% used [0x0000000080000000,0x00000000c971fab8,0x00000000c9780000)
 Metaspace       used 81885K, committed 83584K, reserved 1179648K
  class space    used 8832K, committed 9600K, reserved 1048576K
}
Event: 64.757 GC heap before
{Heap before GC invocations=5421 (full 6):
 PSYoungGen      total 6656K, used 6400K [0x00000000d5580000, 0x00000000d5d00000, 0x0000000100000000)
  eden space 5632K, 100% used [0x00000000d5580000,0x00000000d5b00000,0x00000000d5b00000)
  from space 1024K, 75% used [0x00000000d5c00000,0x00000000d5cc0000,0x00000000d5d00000)
  to   space 1024K, 0% used [0x00000000d5b00000,0x00000000d5b00000,0x00000000d5c00000)
 ParOldGen       total 1203712K, used 1203326K [0x0000000080000000, 0x00000000c9780000, 0x00000000d5580000)
  object space 1203712K, 99% used [0x0000000080000000,0x00000000c971fab8,0x00000000c9780000)
 Metaspace       used 81885K, committed 83584K, reserved 1179648K
  class space    used 8832K, committed 9600K, reserved 1048576K
}
Event: 64.758 GC heap after
{Heap after GC invocations=5421 (full 6):
 PSYoungGen      total 6656K, used 758K [0x00000000d5580000, 0x00000000d5d00000, 0x0000000100000000)
  eden space 5632K, 0% used [0x00000000d5580000,0x00000000d5580000,0x00000000d5b00000)
  from space 1024K, 74% used [0x00000000d5b00000,0x00000000d5bbd808,0x00000000d5c00000)
  to   space 1024K, 0% used [0x00000000d5c00000,0x00000000d5c00000,0x00000000d5d00000)
 ParOldGen       total 1204224K, used 1203910K [0x0000000080000000, 0x00000000c9800000, 0x00000000d5580000)
  object space 1204224K, 99% used [0x0000000080000000,0x00000000c97b1ab8,0x00000000c9800000)
 Metaspace       used 81885K, committed 83584K, reserved 1179648K
  class space    used 8832K, committed 9600K, reserved 1048576K
}
Event: 64.769 GC heap before
{Heap before GC invocations=5422 (full 6):
 PSYoungGen      total 6656K, used 6390K [0x00000000d5580000, 0x00000000d5d00000, 0x0000000100000000)
  eden space 5632K, 100% used [0x00000000d5580000,0x00000000d5b00000,0x00000000d5b00000)
  from space 1024K, 74% used [0x00000000d5b00000,0x00000000d5bbd808,0x00000000d5c00000)
  to   space 1024K, 0% used [0x00000000d5c00000,0x00000000d5c00000,0x00000000d5d00000)
 ParOldGen       total 1204224K, used 1203910K [0x0000000080000000, 0x00000000c9800000, 0x00000000d5580000)
  object space 1204224K, 99% used [0x0000000080000000,0x00000000c97b1ab8,0x00000000c9800000)
 Metaspace       used 81885K, committed 83584K, reserved 1179648K
  class space    used 8832K, committed 9600K, reserved 1048576K
}
Event: 64.771 GC heap after
{Heap after GC invocations=5422 (full 6):
 PSYoungGen      total 6656K, used 672K [0x00000000d5580000, 0x00000000d5d00000, 0x0000000100000000)
  eden space 5632K, 0% used [0x00000000d5580000,0x00000000d5580000,0x00000000d5b00000)
  from space 1024K, 65% used [0x00000000d5c00000,0x00000000d5ca8000,0x00000000d5d00000)
  to   space 1024K, 0% used [0x00000000d5b00000,0x00000000d5b00000,0x00000000d5c00000)
 ParOldGen       total 1204736K, used 1204524K [0x0000000080000000, 0x00000000c9880000, 0x00000000d5580000)
  object space 1204736K, 99% used [0x0000000080000000,0x00000000c984b2c0,0x00000000c9880000)
 Metaspace       used 81885K, committed 83584K, reserved 1179648K
  class space    used 8832K, committed 9600K, reserved 1048576K
}
Event: 64.791 GC heap before
{Heap before GC invocations=5423 (full 6):
 PSYoungGen      total 6656K, used 6304K [0x00000000d5580000, 0x00000000d5d00000, 0x0000000100000000)
  eden space 5632K, 100% used [0x00000000d5580000,0x00000000d5b00000,0x00000000d5b00000)
  from space 1024K, 65% used [0x00000000d5c00000,0x00000000d5ca8000,0x00000000d5d00000)
  to   space 1024K, 0% used [0x00000000d5b00000,0x00000000d5b00000,0x00000000d5c00000)
 ParOldGen       total 1204736K, used 1204524K [0x0000000080000000, 0x00000000c9880000, 0x00000000d5580000)
  object space 1204736K, 99% used [0x0000000080000000,0x00000000c984b2c0,0x00000000c9880000)
 Metaspace       used 81885K, committed 83584K, reserved 1179648K
  class space    used 8832K, committed 9600K, reserved 1048576K
}
Event: 64.793 GC heap after
{Heap after GC invocations=5423 (full 6):
 PSYoungGen      total 6656K, used 448K [0x00000000d5580000, 0x00000000d5d00000, 0x0000000100000000)
  eden space 5632K, 0% used [0x00000000d5580000,0x00000000d5580000,0x00000000d5b00000)
  from space 1024K, 43% used [0x00000000d5b00000,0x00000000d5b70000,0x00000000d5c00000)
  to   space 1024K, 0% used [0x00000000d5c00000,0x00000000d5c00000,0x00000000d5d00000)
 ParOldGen       total 1205248K, used 1205116K [0x0000000080000000, 0x00000000c9900000, 0x00000000d5580000)
  object space 1205248K, 99% used [0x0000000080000000,0x00000000c98df2c0,0x00000000c9900000)
 Metaspace       used 81885K, committed 83584K, reserved 1179648K
  class space    used 8832K, committed 9600K, reserved 1048576K
}
Event: 64.804 GC heap before
{Heap before GC invocations=5424 (full 6):
 PSYoungGen      total 6656K, used 6073K [0x00000000d5580000, 0x00000000d5d00000, 0x0000000100000000)
  eden space 5632K, 99% used [0x00000000d5580000,0x00000000d5afe680,0x00000000d5b00000)
  from space 1024K, 43% used [0x00000000d5b00000,0x00000000d5b70000,0x00000000d5c00000)
  to   space 1024K, 0% used [0x00000000d5c00000,0x00000000d5c00000,0x00000000d5d00000)
 ParOldGen       total 1205248K, used 1205116K [0x0000000080000000, 0x00000000c9900000, 0x00000000d5580000)
  object space 1205248K, 99% used [0x0000000080000000,0x00000000c98df2c0,0x00000000c9900000)
 Metaspace       used 81885K, committed 83584K, reserved 1179648K
  class space    used 8832K, committed 9600K, reserved 1048576K
}
Event: 64.806 GC heap after
{Heap after GC invocations=5424 (full 6):
 PSYoungGen      total 6144K, used 985K [0x00000000d5580000, 0x00000000d5e00000, 0x0000000100000000)
  eden space 5120K, 0% used [0x00000000d5580000,0x00000000d5580000,0x00000000d5a80000)
  from space 1024K, 96% used [0x00000000d5c00000,0x00000000d5cf6718,0x00000000d5d00000)
  to   space 1536K, 0% used [0x00000000d5a80000,0x00000000d5a80000,0x00000000d5c00000)
 ParOldGen       total 1205760K, used 1205356K [0x0000000080000000, 0x00000000c9980000, 0x00000000d5580000)
  object space 1205760K, 99% used [0x0000000080000000,0x00000000c991b2c0,0x00000000c9980000)
 Metaspace       used 81885K, committed 83584K, reserved 1179648K
  class space    used 8832K, committed 9600K, reserved 1048576K
}
Event: 64.814 GC heap before
{Heap before GC invocations=5425 (full 6):
 PSYoungGen      total 6144K, used 6105K [0x00000000d5580000, 0x00000000d5e00000, 0x0000000100000000)
  eden space 5120K, 100% used [0x00000000d5580000,0x00000000d5a80000,0x00000000d5a80000)
  from space 1024K, 96% used [0x00000000d5c00000,0x00000000d5cf6718,0x00000000d5d00000)
  to   space 1536K, 0% used [0x00000000d5a80000,0x00000000d5a80000,0x00000000d5c00000)
 ParOldGen       total 1205760K, used 1205356K [0x0000000080000000, 0x00000000c9980000, 0x00000000d5580000)
  object space 1205760K, 99% used [0x0000000080000000,0x00000000c991b2c0,0x00000000c9980000)
 Metaspace       used 81885K, committed 83584K, reserved 1179648K
  class space    used 8832K, committed 9600K, reserved 1048576K
}
Event: 64.817 GC heap after
{Heap after GC invocations=5425 (full 6):
 PSYoungGen      total 6144K, used 912K [0x00000000d5580000, 0x00000000d5c80000, 0x0000000100000000)
  eden space 5120K, 0% used [0x00000000d5580000,0x00000000d5580000,0x00000000d5a80000)
  from space 1024K, 89% used [0x00000000d5a80000,0x00000000d5b64010,0x00000000d5b80000)
  to   space 1024K, 0% used [0x00000000d5b80000,0x00000000d5b80000,0x00000000d5c80000)
 ParOldGen       total 1206272K, used 1206076K [0x0000000080000000, 0x00000000c9a00000, 0x00000000d5580000)
  object space 1206272K, 99% used [0x0000000080000000,0x00000000c99cf120,0x00000000c9a00000)
 Metaspace       used 81885K, committed 83584K, reserved 1179648K
  class space    used 8832K, committed 9600K, reserved 1048576K
}
Event: 64.825 GC heap before
{Heap before GC invocations=5426 (full 6):
 PSYoungGen      total 6144K, used 6028K [0x00000000d5580000, 0x00000000d5c80000, 0x0000000100000000)
  eden space 5120K, 99% used [0x00000000d5580000,0x00000000d5a7f0c0,0x00000000d5a80000)
  from space 1024K, 89% used [0x00000000d5a80000,0x00000000d5b64010,0x00000000d5b80000)
  to   space 1024K, 0% used [0x00000000d5b80000,0x00000000d5b80000,0x00000000d5c80000)
 ParOldGen       total 1206272K, used 1206076K [0x0000000080000000, 0x00000000c9a00000, 0x00000000d5580000)
  object space 1206272K, 99% used [0x0000000080000000,0x00000000c99cf120,0x00000000c9a00000)
 Metaspace       used 81885K, committed 83584K, reserved 1179648K
  class space    used 8832K, committed 9600K, reserved 1048576K
}
Event: 64.827 GC heap after
{Heap after GC invocations=5426 (full 6):
 PSYoungGen      total 6144K, used 711K [0x00000000d5580000, 0x00000000d5c80000, 0x0000000100000000)
  eden space 5120K, 0% used [0x00000000d5580000,0x00000000d5580000,0x00000000d5a80000)
  from space 1024K, 69% used [0x00000000d5b80000,0x00000000d5c31f40,0x00000000d5c80000)
  to   space 1024K, 0% used [0x00000000d5a80000,0x00000000d5a80000,0x00000000d5b80000)
 ParOldGen       total 1207296K, used 1206932K [0x0000000080000000, 0x00000000c9b00000, 0x00000000d5580000)
  object space 1207296K, 99% used [0x0000000080000000,0x00000000c9aa5130,0x00000000c9b00000)
 Metaspace       used 81885K, committed 83584K, reserved 1179648K
  class space    used 8832K, committed 9600K, reserved 1048576K
}
Event: 64.837 GC heap before
{Heap before GC invocations=5427 (full 6):
 PSYoungGen      total 6144K, used 5831K [0x00000000d5580000, 0x00000000d5c80000, 0x0000000100000000)
  eden space 5120K, 100% used [0x00000000d5580000,0x00000000d5a80000,0x00000000d5a80000)
  from space 1024K, 69% used [0x00000000d5b80000,0x00000000d5c31f40,0x00000000d5c80000)
  to   space 1024K, 0% used [0x00000000d5a80000,0x00000000d5a80000,0x00000000d5b80000)
 ParOldGen       total 1207296K, used 1206932K [0x0000000080000000, 0x00000000c9b00000, 0x00000000d5580000)
  object space 1207296K, 99% used [0x0000000080000000,0x00000000c9aa5130,0x00000000c9b00000)
 Metaspace       used 81885K, committed 83584K, reserved 1179648K
  class space    used 8832K, committed 9600K, reserved 1048576K
}

